24-10-27 14:56     root     INFO     Starting preprocess...
24-10-27 14:56     root     INFO     Removed test directory: data/data/test
24-10-27 14:56     root     INFO     Dropped 22260/27825 from data/data/train
24-10-27 14:56     root     INFO     Dropped 2023/2529 from data/data/valid
24-10-27 14:56     root     INFO     Preprocessing complete.
24-10-27 15:00     root     INFO     Starting preprocess...
24-10-27 15:00     root     INFO     Removed test directory: data/data/test
24-10-27 15:00     root     INFO     Dropped 25042/27825 from data/data/train
24-10-27 15:00     root     INFO     Dropped 2276/2529 from data/data/valid
24-10-27 15:00     root     INFO     Preprocessing complete.
24-10-27 15:05     root     INFO     Starting preprocess...
24-10-27 15:05     root     INFO     Removed test directory: data/data/test
24-10-27 15:05     root     INFO     Dropped 13912/27825 from data/data/train
24-10-27 15:05     root     INFO     Dropped 1264/2529 from data/data/valid
24-10-27 15:05     root     INFO     Preprocessing complete.
24-10-27 15:30     root     INFO     Starting preprocess...
24-10-27 15:30     root     INFO     Removed test directory: data/data/test
24-10-27 15:30     root     INFO     Nothing dropped. No preprocessing
24-10-27 15:30     root     INFO     Nothing dropped. No preprocessing
24-10-27 15:30     root     INFO     Preprocessing complete.
24-10-28 01:41     root     INFO     Starting preprocess...
24-10-28 01:41     root     INFO     Removed test directory: data/data/test
